<?xml version="1.0" encoding="UTF-8"?>
<!-- Generated by org.testng.reporters.JUnitXMLReporter -->
<testsuite ignored="2" hostname="DESKTOP-BEE35AR" failures="0" tests="0" time="0.02" errors="0" timestamp="2024-04-25T23:33:43 IST">
  <testcase classname="Bizupautomation.bizup.PlayStoreInstall" name="LoginFlow" time="0.0">
    <ignored/>
  </testcase> <!-- LoginFlow -->
  <testcase classname="Bizupautomation.bizup.PlayStoreInstall" name="InstallFlow" time="0.0">
    <ignored/>
  </testcase> <!-- InstallFlow -->
</testsuite>
