<?xml version="1.0" encoding="UTF-8"?>
<!-- Generated by org.testng.reporters.JUnitXMLReporter -->
<testsuite ignored="0" hostname="DESKTOP-BEE35AR" failures="0" tests="3" name="EnquiryFlows" time="394.171" errors="0" timestamp="2024-05-24T11:32:21 IST">
  <testcase classname="Bizupautomation.testCases.EnquiryFlows" name="EnquiryTabFlow" time="98.371"/>
  <testcase classname="Bizupautomation.testCases.EnquiryFlows" name="EnquiryVideoFlow" time="131.87"/>
  <testcase classname="Bizupautomation.testCases.EnquiryFlows" name="SearchEnquiryFlow" time="146.566"/>
</testsuite> <!-- EnquiryFlows -->
