<?xml version="1.0" encoding="UTF-8"?>
<!-- Generated by org.testng.reporters.JUnitXMLReporter -->
<testsuite ignored="0" hostname="DESKTOP-BEE35AR" failures="0" tests="3" name="EnquiryFlow" time="277.627" errors="0" timestamp="2024-04-18T17:18:10 IST">
  <testcase classname="Bizupautomation.bizup.EnquiryFlows" name="EnquiryTabFlow" time="60.324"/>
  <testcase classname="Bizupautomation.bizup.EnquiryFlows" name="EnquiryVideoFlow" time="114.295"/>
  <testcase classname="Bizupautomation.bizup.EnquiryFlows" name="SearchEnquiryFlow" time="86.411"/>
</testsuite> <!-- EnquiryFlow -->
