<?xml version="1.0" encoding="UTF-8"?>
<!-- Generated by org.testng.reporters.JUnitXMLReporter -->
<testsuite ignored="0" hostname="DESKTOP-BEE35AR" failures="0" tests="3" name="EnquiryFlows" time="406.788" errors="0" timestamp="2024-05-23T11:45:42 IST">
  <testcase classname="Bizupautomation.testCases.EnquiryFlows" name="EnquiryTabFlow" time="103.385"/>
  <testcase classname="Bizupautomation.testCases.EnquiryFlows" name="EnquiryVideoFlow" time="145.053"/>
  <testcase classname="Bizupautomation.testCases.EnquiryFlows" name="SearchEnquiryFlow" time="140.79"/>
</testsuite> <!-- EnquiryFlows -->
