<?xml version="1.0" encoding="UTF-8"?>
<!-- Generated by org.testng.reporters.JUnitXMLReporter -->
<testsuite ignored="0" hostname="DESKTOP-BEE35AR" failures="0" tests="1" name="InstallAndLogin" time="10.403" errors="0" timestamp="2024-05-31T22:13:57 IST">
  <testcase classname="Bizupautomation.testUtils.Base" name="@BeforeClass ConfigureAppium" time="10.251">
    <failure type="org.openqa.selenium.SessionNotCreatedException" message="Could not start a new session. Response code 500. Message: A new session could not be created. Details: java.lang.IllegalStateException: UiAutomation not connected, UiAutomation@5976428[id=-1, displayId=0, flags=0] 
Host info: host: &amp;apos;DESKTOP-BEE35AR&amp;apos;, ip: &amp;apos;192.168.1.14&amp;apos;
Build info: version: &amp;apos;4.21.0&amp;apos;, revision: &amp;apos;79ed462ef4&amp;apos;
System info: os.name: &amp;apos;Windows 10&amp;apos;, os.arch: &amp;apos;amd64&amp;apos;, os.version: &amp;apos;10.0&amp;apos;, java.version: &amp;apos;21.0.3&amp;apos;
Driver info: io.appium.java_client.android.AndroidDriver
Command: [null, newSession {capabilities=[{appium:automationName=UIAutomator2, platformName=ANDROID, appium:deviceName=&amp;quot;samsung SM-E146B&amp;quot;;}], desiredCapabilities=Capabilities {appium:automationName: UIAutomator2, appium:deviceName: &amp;quot;samsung SM-E146B&amp;quot;;, platformName: ANDROID}}]
Capabilities {appium:automationName: UIAutomator2, appium:deviceName: &amp;quot;samsung SM-E146B&amp;quot;;, platformName: ANDROID}">
      <![CDATA[org.openqa.selenium.SessionNotCreatedException: Could not start a new session. Response code 500. Message: A new session could not be created. Details: java.lang.IllegalStateException: UiAutomation not connected, UiAutomation@5976428[id=-1, displayId=0, flags=0] 
Host info: host: 'DESKTOP-BEE35AR', ip: '192.168.1.14'
Build info: version: '4.21.0', revision: '79ed462ef4'
System info: os.name: 'Windows 10', os.arch: 'amd64', os.version: '10.0', java.version: '21.0.3'
Driver info: io.appium.java_client.android.AndroidDriver
Command: [null, newSession {capabilities=[{appium:automationName=UIAutomator2, platformName=ANDROID, appium:deviceName="samsung SM-E146B";}], desiredCapabilities=Capabilities {appium:automationName: UIAutomator2, appium:deviceName: "samsung SM-E146B";, platformName: ANDROID}}]
Capabilities {appium:automationName: UIAutomator2, appium:deviceName: "samsung SM-E146B";, platformName: ANDROID}
at org.openqa.selenium.remote.ProtocolHandshake.createSession(ProtocolHandshake.java:114)
at io.appium.java_client.remote.AppiumProtocolHandshake.createSession(AppiumProtocolHandshake.java:116)
at io.appium.java_client.remote.AppiumProtocolHandshake.createSession(AppiumProtocolHandshake.java:96)
at io.appium.java_client.remote.AppiumCommandExecutor.createSession(AppiumCommandExecutor.java:176)
at io.appium.java_client.remote.AppiumCommandExecutor.execute(AppiumCommandExecutor.java:237)
at org.openqa.selenium.remote.RemoteWebDriver.execute(RemoteWebDriver.java:518)
at io.appium.java_client.AppiumDriver.startSession(AppiumDriver.java:268)
at org.openqa.selenium.remote.RemoteWebDriver.<init>(RemoteWebDriver.java:161)
at io.appium.java_client.AppiumDriver.<init>(AppiumDriver.java:90)
at io.appium.java_client.AppiumDriver.<init>(AppiumDriver.java:102)
at io.appium.java_client.android.AndroidDriver.<init>(AndroidDriver.java:109)
at Bizupautomation.testUtils.Base.ConfigureAppium(Base.java:47)
at java.base/java.util.ArrayList.forEach(ArrayList.java:1596)
... Removed 25 stack frames]]>
    </failure>
  </testcase> <!-- @BeforeClass ConfigureAppium -->
  <testcase classname="Bizupautomation.testUtils.Base" name="@AfterClass TearDown" time="0.002">
    <failure type="java.lang.NullPointerException" message="Cannot invoke &amp;quot;io.appium.java_client.android.AndroidDriver.quit()&amp;quot; because &amp;quot;this.driver&amp;quot; is null">
      <![CDATA[java.lang.NullPointerException: Cannot invoke "io.appium.java_client.android.AndroidDriver.quit()" because "this.driver" is null
at Bizupautomation.testUtils.Base.TearDown(Base.java:54)
at java.base/java.util.ArrayList.forEach(ArrayList.java:1596)
... Removed 24 stack frames]]>
    </failure>
  </testcase> <!-- @AfterClass TearDown -->
  <testcase classname="Bizupautomation.testCases.InstallAndLogin" name="LoginFlow" time="0.001">
    <skipped/>
  </testcase> <!-- LoginFlow -->
</testsuite> <!-- InstallAndLogin -->
