<?xml version="1.0" encoding="UTF-8"?>
<testng-results ignored="0" total="1" passed="1" failed="0" skipped="0">
  <reporter-output>
  </reporter-output>
  <suite started-at="2024-05-28T12:43:24 IST" name="Default suite" finished-at="2024-05-28T12:44:29 IST" duration-ms="64472">
    <groups>
    </groups>
    <test started-at="2024-05-28T12:43:24 IST" name="Default test" finished-at="2024-05-28T12:44:29 IST" duration-ms="64472">
      <class name="Bizupautomation.testCases.EnquiryFlows">
        <test-method is-config="true" signature="ConfigureAppium()[pri:0, instance:Bizupautomation.testCases.EnquiryFlows@41a2befb]" started-at="2024-05-28T12:43:24 IST" name="ConfigureAppium" finished-at="2024-05-28T12:43:30 IST" duration-ms="6032" status="PASS">
          <reporter-output>
          </reporter-output>
        </test-method> <!-- ConfigureAppium -->
        <test-method signature="EnquiryTabFlow()[pri:0, instance:Bizupautomation.testCases.EnquiryFlows@41a2befb]" started-at="2024-05-28T12:43:30 IST" name="EnquiryTabFlow" finished-at="2024-05-28T12:44:28 IST" duration-ms="57958" status="PASS">
          <reporter-output>
          </reporter-output>
        </test-method> <!-- EnquiryTabFlow -->
        <test-method is-config="true" signature="TearDown()[pri:0, instance:Bizupautomation.testCases.EnquiryFlows@41a2befb]" started-at="2024-05-28T12:44:28 IST" name="TearDown" finished-at="2024-05-28T12:44:29 IST" duration-ms="402" status="PASS">
          <reporter-output>
          </reporter-output>
        </test-method> <!-- TearDown -->
      </class> <!-- Bizupautomation.testCases.EnquiryFlows -->
    </test> <!-- Default test -->
  </suite> <!-- Default suite -->
</testng-results>
